buildNavTree: pages/blog/posts/clinica-medica/calc-risco-embed.md -> Calculadora de Risco Cardiovascular (Embed)
buildNavTree: pages/blog/posts/clinica-medica/cardiologia/insuficiencia-cardiaca.md -> undefined
buildNavTree: pages/blog/posts/clinica-medica/espondilite-anquilosante.md -> Espondilite Anquilosante: Guia Acadêmico Completo
buildNavTree: pages/blog/posts/clinica-medica/guia-de-estilos.md -> Guia de Estilos: Componentes Médicos Avançados
buildNavTree: pages/blog/posts/obstetricia/calc-risco-embed.md -> Calculadora de Risco Cardiovascular (Embed)
buildNavTree: pages/blog/posts/clinica-medica/calc-risco-embed.md -> Calculadora de Risco Cardiovascular (Embed)
buildNavTree: pages/blog/posts/clinica-medica/cardiologia/insuficiencia-cardiaca.md -> undefined
buildNavTree: pages/blog/posts/clinica-medica/espondilite-anquilosante.md -> Espondilite Anquilosante: Guia Acadêmico Completo
buildNavTree: pages/blog/posts/clinica-medica/guia-de-estilos.md -> Guia de Estilos: Componentes Médicos Avançados
buildNavTree: pages/blog/posts/obstetricia/calc-risco-embed.md -> Calculadora de Risco Cardiovascular (Embed)
buildNavTree: pages/blog/posts/clinica-medica/calc-risco-embed.md -> Calculadora de Risco Cardiovascular (Embed)
buildNavTree: pages/blog/posts/clinica-medica/cardiologia/insuficiencia-cardiaca.md -> undefined
buildNavTree: pages/blog/posts/clinica-medica/espondilite-anquilosante.md -> Espondilite Anquilosante: Guia Acadêmico Completo
buildNavTree: pages/blog/posts/clinica-medica/guia-de-estilos.md -> Guia de Estilos: Componentes Médicos Avançados
buildNavTree: pages/blog/posts/obstetricia/calc-risco-embed.md -> Calculadora de Risco Cardiovascular (Embed)
buildNavTree: pages/blog/posts/clinica-medica/calc-risco-embed.md -> Calculadora de Risco Cardiovascular (Embed)
buildNavTree: pages/blog/posts/clinica-medica/cardiologia/insuficiencia-cardiaca.md -> undefined
buildNavTree: pages/blog/posts/clinica-medica/espondilite-anquilosante.md -> Espondilite Anquilosante: Guia Acadêmico Completo
buildNavTree: pages/blog/posts/clinica-medica/guia-de-estilos.md -> Guia de Estilos: Componentes Médicos Avançados
buildNavTree: pages/blog/posts/obstetricia/calc-risco-embed.md -> Calculadora de Risco Cardiovascular (Embed)
